2025-06-14T09:24:41.143Z [INFO]: STEP 1: Generating 5000 wallets...
2025-06-14T09:26:28.239Z [INFO]: Storing wallets in database...
2025-06-14T09:31:03.736Z [INFO]: ✅ STEP 1 COMPLETED: Generated and stored 5000 wallets
2025-06-14T09:31:10.337Z [INFO]: STEP 1: Generating 5000 wallets...
2025-06-14T09:32:03.458Z [INFO]: STEP 2: Changing platform wallet for each generated address...
2025-06-14T09:32:05.163Z [INFO]: Found 5000 wallets to process
2025-06-14T09:32:05.164Z [INFO]: Processing batch 1/250 (20 wallets)
2025-06-14T09:32:05.164Z [INFO]: Changing platform wallet to: 0xe84e877a85e9f8811096982633b4533b40e63403
2025-06-14T09:32:08.935Z [INFO]: ✅ Platform wallet changed to 0xe84e877a85e9f8811096982633b4533b40e63403. TX: 0xe7e264dc37e681c722aa7e0f23016f51ae05a88d1b6c8602c5541f2127cc94f7
2025-06-14T09:32:09.936Z [INFO]: Changing platform wallet to: 0xdfc3792fb4d9a376ce4f24e368c8b98631a3676c
2025-06-14T09:32:14.676Z [INFO]: ✅ Platform wallet changed to 0xdfc3792fb4d9a376ce4f24e368c8b98631a3676c. TX: 0xaf58cb224b5f29be63db8db7b4529864fba9e1439a6efa8a6b81e0e4759a652b
2025-06-14T09:32:15.685Z [INFO]: Changing platform wallet to: 0xa5f696914e97a4c8e86311f3445e48a69c986ce3
2025-06-14T09:32:19.185Z [INFO]: ✅ Platform wallet changed to 0xa5f696914e97a4c8e86311f3445e48a69c986ce3. TX: 0x94a72554689e36ea4c2490345c498e3410da6ed7e515e6465283d843bf7cb948
2025-06-14T09:32:20.200Z [INFO]: Changing platform wallet to: 0x5a4118db586ee7546dc4afc4b3078c1ab387dd13
2025-06-14T09:32:23.748Z [INFO]: ✅ Platform wallet changed to 0x5a4118db586ee7546dc4afc4b3078c1ab387dd13. TX: 0x0ad710d3fb46c75013f7d48892c73abdd01d0dd19155fc85ead97528dbe904e2
2025-06-14T09:32:24.752Z [INFO]: Changing platform wallet to: 0x672e0846378544ba9762245edc451fcd1c009b45
2025-06-14T09:32:30.425Z [INFO]: ✅ Platform wallet changed to 0x672e0846378544ba9762245edc451fcd1c009b45. TX: 0x3692a8769f5fa06704d23df07aa9d990b2220cbabccf77b09ced0fc62e073278
2025-06-14T09:32:31.427Z [INFO]: Changing platform wallet to: 0x8ad6c9cae35fa99b1f334659fa28b506f04198dc
2025-06-14T09:32:34.861Z [INFO]: ✅ Platform wallet changed to 0x8ad6c9cae35fa99b1f334659fa28b506f04198dc. TX: 0x6b07a02721de744bb554a0ce96077f85ca7363e1d81c0962e08e275ec951f1c5
2025-06-14T09:32:35.862Z [INFO]: Changing platform wallet to: 0x648794f13966ad32f8ffb17701cc5786aaa14f89
2025-06-14T09:32:39.567Z [INFO]: ✅ Platform wallet changed to 0x648794f13966ad32f8ffb17701cc5786aaa14f89. TX: 0x8ad1209ac003ed807a9d1d457c894cbbb63ef5112750886e205a9706ec4ab1e3
2025-06-14T09:32:40.571Z [INFO]: Changing platform wallet to: 0x661def715e7c0ecbeb07c93aa253f0596a5fc578
2025-06-14T09:32:44.016Z [INFO]: ✅ Platform wallet changed to 0x661def715e7c0ecbeb07c93aa253f0596a5fc578. TX: 0x2ab9667db73a68b0c3287a569c53ce7fea8101a0ef835c0e7e00a03e22d7ef3d
2025-06-14T09:32:45.021Z [INFO]: Changing platform wallet to: 0x45e3460ce51c1c5ecef82cb6613a7ae569eb19ac
2025-06-14T09:32:48.528Z [INFO]: ✅ Platform wallet changed to 0x45e3460ce51c1c5ecef82cb6613a7ae569eb19ac. TX: 0xaf3a5dc974b1a96e7812b7d61932273fe88de1f8997c370629c465cde6de3537
2025-06-14T09:32:49.536Z [INFO]: Changing platform wallet to: 0xfd287a6b85315e3a63919887b6719c3b82377d40
2025-06-14T09:32:53.040Z [INFO]: ✅ Platform wallet changed to 0xfd287a6b85315e3a63919887b6719c3b82377d40. TX: 0x708fd616f395e04ba9c280416e4fab9313994e10e327cb780cc65a4c33699ab6
2025-06-14T09:32:54.053Z [INFO]: Changing platform wallet to: 0x928fc5d46bbfc9757d460490a4982a99a2576c32
2025-06-14T09:32:57.530Z [INFO]: ✅ Platform wallet changed to 0x928fc5d46bbfc9757d460490a4982a99a2576c32. TX: 0xf1828fc9e618c7183a6e340318820fba2f6eb8b5e2537989e36532b5e7203072
2025-06-14T09:32:58.534Z [INFO]: Changing platform wallet to: 0x4412014a3d6a34e289a001ea7c1d59a1dbd32ca4
2025-06-14T09:33:35.866Z [INFO]: STEP 3: Fetching all registered addresses from contract...
2025-06-14T09:33:36.857Z [INFO]: Found 0 registered addresses in contract
2025-06-14T09:33:36.860Z [INFO]: Registered addresses saved to: data/registered-addresses-2025-06-14T09-33-36-858Z.json
2025-06-14T09:33:36.861Z [INFO]: ✅ STEP 3 COMPLETED: Found 0 registered addresses
2025-06-14T09:33:36.862Z [INFO]: STEP 4: Executing single transfer for 0 registered addresses...
2025-06-14T09:33:36.862Z [INFO]: ✅ STEP 4 COMPLETED: Transfers completed for 0 addresses
2025-06-14T09:33:36.862Z [INFO]: ❌ Errors: 0
2025-06-14T09:33:36.862Z [INFO]: ⛽ Total gas used: 0
2025-06-14T09:38:36.048Z [INFO]: STEP 4: Executing single transfer for wallets with successful platform changes...
2025-06-14T09:38:36.138Z [INFO]: Found 11 wallets ready for transfer
2025-06-14T09:38:36.138Z [INFO]: Processing batch 1/2 (10 wallets)
2025-06-14T09:38:36.139Z [INFO]: Executing single transfer for: 0xe84e877a85e9f8811096982633b4533b40e63403
2025-06-14T09:38:36.728Z [ERROR]: ❌ Failed to transfer for 0xe84e877a85e9f8811096982633b4533b40e63403: Address 0xe84e877a85e9f8811096982633b4533b40e63403 is not registered
2025-06-14T09:38:38.740Z [INFO]: Executing single transfer for: 0xdfc3792fb4d9a376ce4f24e368c8b98631a3676c
2025-06-14T09:38:39.312Z [ERROR]: ❌ Failed to transfer for 0xdfc3792fb4d9a376ce4f24e368c8b98631a3676c: Address 0xdfc3792fb4d9a376ce4f24e368c8b98631a3676c is not registered
2025-06-14T09:38:41.327Z [INFO]: Executing single transfer for: 0xa5f696914e97a4c8e86311f3445e48a69c986ce3
2025-06-14T09:38:41.924Z [ERROR]: ❌ Failed to transfer for 0xa5f696914e97a4c8e86311f3445e48a69c986ce3: Address 0xa5f696914e97a4c8e86311f3445e48a69c986ce3 is not registered
2025-06-14T09:38:43.954Z [INFO]: Executing single transfer for: 0x5a4118db586ee7546dc4afc4b3078c1ab387dd13
2025-06-14T09:38:44.540Z [ERROR]: ❌ Failed to transfer for 0x5a4118db586ee7546dc4afc4b3078c1ab387dd13: Address 0x5a4118db586ee7546dc4afc4b3078c1ab387dd13 is not registered
2025-06-14T09:38:46.564Z [INFO]: Executing single transfer for: 0x672e0846378544ba9762245edc451fcd1c009b45
2025-06-14T09:38:47.115Z [ERROR]: ❌ Failed to transfer for 0x672e0846378544ba9762245edc451fcd1c009b45: Address 0x672e0846378544ba9762245edc451fcd1c009b45 is not registered
2025-06-14T09:38:49.125Z [INFO]: Executing single transfer for: 0x8ad6c9cae35fa99b1f334659fa28b506f04198dc
2025-06-14T09:38:49.764Z [ERROR]: ❌ Failed to transfer for 0x8ad6c9cae35fa99b1f334659fa28b506f04198dc: Address 0x8ad6c9cae35fa99b1f334659fa28b506f04198dc is not registered
2025-06-14T09:38:51.782Z [INFO]: Executing single transfer for: 0x648794f13966ad32f8ffb17701cc5786aaa14f89
2025-06-14T09:38:52.317Z [ERROR]: ❌ Failed to transfer for 0x648794f13966ad32f8ffb17701cc5786aaa14f89: Address 0x648794f13966ad32f8ffb17701cc5786aaa14f89 is not registered
2025-06-14T10:08:18.470Z [INFO]: STEP 4: Executing single transfer for wallets with successful platform changes...
2025-06-14T10:08:18.501Z [ERROR]: ❌ STEP 4 FAILED: Client must be connected before running operations
2025-06-14T10:08:29.389Z [INFO]: STEP 4: Executing single transfer for wallets with successful platform changes...
2025-06-14T10:08:29.390Z [ERROR]: ❌ STEP 4 FAILED: Client must be connected before running operations
