2025-06-15T06:11:23.251Z [INFO]: Using contract settings from database
2025-06-15T06:11:23.747Z [INFO]: Connected to network: bnbt (Chain ID: 97)
2025-06-15T06:11:23.850Z [INFO]: Owner wallet address: 0x41595e0044f75CcB8E17aE148999b28938d4c060
2025-06-15T06:11:23.850Z [INFO]: Available contract functions: changePlatformWallet, checkAllowance, checkIfRegistered, checkbalance, getAllRegistered, getTotalExtractableTokens, isRegistered, multiTransfer, owner, platformWallet, registeredUsers, renounceOwnership, singleTransfer, totalRegistered, transferOwnership, whitlistAddress
2025-06-15T06:11:24.649Z [INFO]: Contract initialized at: 0x7238fae7a03b278f2e13bb357191816dff1792d0
2025-06-15T06:11:25.788Z [INFO]: Fetching all registered addresses...
2025-06-15T06:11:26.786Z [INFO]: Found 3 registered addresses
2025-06-15T06:11:30.697Z [INFO]: Fetching all registered addresses...
2025-06-15T06:11:31.714Z [INFO]: Found 3 registered addresses
2025-06-15T06:11:34.326Z [INFO]: Fetching all registered addresses...
2025-06-15T06:11:35.285Z [INFO]: Found 3 registered addresses
2025-06-15T06:11:46.570Z [INFO]: Fetching all registered addresses...
2025-06-15T06:11:47.616Z [INFO]: Found 3 registered addresses
2025-06-15T06:15:46.547Z [INFO]: Fetching all registered addresses...
2025-06-15T06:15:47.716Z [INFO]: Found 3 registered addresses
2025-06-15T06:16:17.233Z [INFO]: Fetching all registered addresses...
2025-06-15T06:16:18.360Z [INFO]: Found 3 registered addresses
2025-06-15T06:16:27.275Z [INFO]: Fetching all registered addresses...
2025-06-15T06:16:28.242Z [INFO]: Found 3 registered addresses
2025-06-15T06:16:40.243Z [INFO]: Fetching all registered addresses...
2025-06-15T06:16:41.228Z [INFO]: Found 3 registered addresses
2025-06-15T06:19:39.331Z [INFO]: Fetching all registered addresses...
2025-06-15T06:19:40.323Z [INFO]: Found 3 registered addresses
2025-06-15T06:24:26.648Z [INFO]: Using contract settings from database
2025-06-15T06:24:27.265Z [INFO]: Connected to network: bnbt (Chain ID: 97)
2025-06-15T06:24:27.358Z [INFO]: Owner wallet address: 0x41595e0044f75CcB8E17aE148999b28938d4c060
2025-06-15T06:24:27.358Z [INFO]: Available contract functions: changePlatformWallet, checkAllowance, checkIfRegistered, checkbalance, getAllRegistered, getTotalExtractableTokens, isRegistered, multiTransfer, owner, platformWallet, registeredUsers, renounceOwnership, singleTransfer, totalRegistered, transferOwnership, whitlistAddress
2025-06-15T06:24:27.869Z [INFO]: Contract initialized at: 0x7238fae7a03b278f2e13bb357191816dff1792d0
2025-06-15T06:24:39.942Z [INFO]: Fetching all registered addresses...
2025-06-15T06:24:40.963Z [INFO]: Found 3 registered addresses
2025-06-15T06:24:49.854Z [INFO]: Fetching all registered addresses...
2025-06-15T06:24:50.852Z [INFO]: Found 3 registered addresses
2025-06-15T06:24:59.327Z [INFO]: Fetching all registered addresses...
2025-06-15T06:25:00.329Z [INFO]: Found 3 registered addresses
2025-06-15T06:25:09.373Z [INFO]: Fetching all registered addresses...
2025-06-15T06:25:10.358Z [INFO]: Found 3 registered addresses
2025-06-15T06:25:17.852Z [INFO]: Fetching all registered addresses...
2025-06-15T06:25:18.856Z [INFO]: Found 3 registered addresses
2025-06-15T06:25:27.722Z [INFO]: Fetching all registered addresses...
2025-06-15T06:25:28.699Z [INFO]: Found 3 registered addresses
2025-06-15T06:27:28.969Z [INFO]: Fetching all registered addresses...
2025-06-15T06:27:29.957Z [INFO]: Found 3 registered addresses
2025-06-15T06:27:39.001Z [INFO]: Fetching all registered addresses...
2025-06-15T06:27:40.085Z [INFO]: Found 3 registered addresses
2025-06-15T06:27:43.561Z [INFO]: Fetching all registered addresses...
2025-06-15T06:27:44.617Z [INFO]: Found 3 registered addresses
2025-06-15T06:28:04.476Z [INFO]: Fetching all registered addresses...
2025-06-15T06:28:05.490Z [INFO]: Found 3 registered addresses
2025-06-15T06:28:14.493Z [INFO]: Fetching all registered addresses...
2025-06-15T06:28:15.549Z [INFO]: Found 3 registered addresses
2025-06-15T06:28:24.511Z [INFO]: Fetching all registered addresses...
2025-06-15T06:28:25.570Z [INFO]: Found 3 registered addresses
2025-06-15T06:28:34.503Z [INFO]: Fetching all registered addresses...
2025-06-15T06:28:35.510Z [INFO]: Found 3 registered addresses
2025-06-15T06:28:44.543Z [INFO]: Fetching all registered addresses...
2025-06-15T06:28:45.545Z [INFO]: Found 3 registered addresses
2025-06-15T06:28:54.483Z [INFO]: Fetching all registered addresses...
2025-06-15T06:28:55.480Z [INFO]: Found 3 registered addresses
2025-06-15T06:29:04.515Z [INFO]: Fetching all registered addresses...
2025-06-15T06:29:05.489Z [INFO]: Found 3 registered addresses
2025-06-15T06:29:14.654Z [INFO]: Fetching all registered addresses...
2025-06-15T06:29:15.652Z [INFO]: Found 3 registered addresses
2025-06-15T06:29:24.481Z [INFO]: Fetching all registered addresses...
2025-06-15T06:29:25.475Z [INFO]: Found 3 registered addresses
2025-06-15T06:29:34.698Z [INFO]: Fetching all registered addresses...
2025-06-15T06:29:35.675Z [INFO]: Found 3 registered addresses
2025-06-15T06:29:44.551Z [INFO]: Fetching all registered addresses...
2025-06-15T06:29:45.529Z [INFO]: Found 3 registered addresses
2025-06-15T06:29:54.564Z [INFO]: Fetching all registered addresses...
2025-06-15T06:29:55.527Z [INFO]: Found 3 registered addresses
2025-06-15T06:30:10.164Z [INFO]: Fetching all registered addresses...
2025-06-15T06:30:11.165Z [INFO]: Found 3 registered addresses
2025-06-15T06:30:14.786Z [INFO]: Fetching all registered addresses...
2025-06-15T06:30:15.868Z [INFO]: Found 3 registered addresses
2025-06-15T06:30:24.585Z [INFO]: Fetching all registered addresses...
2025-06-15T06:30:25.570Z [INFO]: Found 3 registered addresses
2025-06-15T06:30:34.490Z [INFO]: Fetching all registered addresses...
2025-06-15T06:30:35.463Z [INFO]: Found 3 registered addresses
2025-06-15T06:30:44.519Z [INFO]: Fetching all registered addresses...
2025-06-15T06:30:45.527Z [INFO]: Found 3 registered addresses
2025-06-15T06:30:54.538Z [INFO]: Fetching all registered addresses...
2025-06-15T06:30:55.520Z [INFO]: Found 3 registered addresses
2025-06-15T06:31:04.487Z [INFO]: Fetching all registered addresses...
2025-06-15T06:31:05.468Z [INFO]: Found 3 registered addresses
2025-06-15T06:31:23.932Z [INFO]: Using contract settings from database
2025-06-15T06:31:24.476Z [INFO]: Connected to network: bnbt (Chain ID: 97)
2025-06-15T06:31:24.577Z [INFO]: Owner wallet address: 0x41595e0044f75CcB8E17aE148999b28938d4c060
2025-06-15T06:31:24.578Z [INFO]: Available contract functions: changePlatformWallet, checkAllowance, checkIfRegistered, checkbalance, getAllRegistered, getTotalExtractableTokens, isRegistered, multiTransfer, owner, platformWallet, registeredUsers, renounceOwnership, singleTransfer, totalRegistered, transferOwnership, whitlistAddress
2025-06-15T06:31:25.090Z [INFO]: Contract initialized at: 0x7238fae7a03b278f2e13bb357191816dff1792d0
2025-06-15T06:31:26.358Z [INFO]: Fetching all registered addresses...
2025-06-15T06:31:27.370Z [INFO]: Found 3 registered addresses
2025-06-15T06:31:32.386Z [INFO]: Fetching all registered addresses...
2025-06-15T06:31:33.385Z [INFO]: Found 3 registered addresses
2025-06-15T06:31:36.848Z [INFO]: Fetching all registered addresses...
2025-06-15T06:31:37.853Z [INFO]: Found 3 registered addresses
2025-06-15T06:31:59.507Z [INFO]: Fetching all registered addresses...
2025-06-15T06:32:00.539Z [INFO]: Found 3 registered addresses
2025-06-15T06:32:03.065Z [INFO]: Fetching all registered addresses...
2025-06-15T06:32:04.014Z [INFO]: Found 3 registered addresses
2025-06-15T06:35:12.935Z [INFO]: Using contract settings from database
2025-06-15T06:35:13.468Z [INFO]: Connected to network: bnbt (Chain ID: 97)
2025-06-15T06:35:13.548Z [INFO]: Owner wallet address: 0x41595e0044f75CcB8E17aE148999b28938d4c060
2025-06-15T06:35:13.549Z [INFO]: Available contract functions: changePlatformWallet, checkAllowance, checkIfRegistered, checkbalance, getAllRegistered, getTotalExtractableTokens, isRegistered, multiTransfer, owner, platformWallet, registeredUsers, renounceOwnership, singleTransfer, totalRegistered, transferOwnership, whitlistAddress
2025-06-15T06:35:14.034Z [INFO]: Contract initialized at: 0x7238fae7a03b278f2e13bb357191816dff1792d0
2025-06-15T06:35:28.363Z [INFO]: Fetching all registered addresses...
2025-06-15T06:35:29.358Z [INFO]: Found 3 registered addresses
2025-06-15T06:35:43.538Z [INFO]: Fetching all registered addresses...
2025-06-15T06:35:44.497Z [INFO]: Found 3 registered addresses
2025-06-15T06:35:53.277Z [INFO]: Fetching all registered addresses...
2025-06-15T06:35:54.230Z [INFO]: Found 3 registered addresses
2025-06-15T06:35:58.277Z [INFO]: Fetching all registered addresses...
2025-06-15T06:35:59.298Z [INFO]: Found 3 registered addresses
2025-06-15T06:36:06.529Z [INFO]: Fetching all registered addresses...
2025-06-15T06:36:07.534Z [INFO]: Found 3 registered addresses
2025-06-15T06:36:16.553Z [INFO]: Fetching all registered addresses...
2025-06-15T06:36:17.496Z [INFO]: Found 3 registered addresses
2025-06-15T06:36:26.512Z [INFO]: Fetching all registered addresses...
2025-06-15T06:36:27.471Z [INFO]: Found 3 registered addresses
2025-06-15T06:36:39.541Z [INFO]: Fetching all registered addresses...
2025-06-15T06:36:40.521Z [INFO]: Found 3 registered addresses
2025-06-15T06:38:58.152Z [INFO]: Fetching all registered addresses...
2025-06-15T06:38:59.190Z [INFO]: Found 3 registered addresses
2025-06-15T06:39:23.275Z [INFO]: Using contract settings from database
2025-06-15T06:39:23.790Z [INFO]: Connected to network: bnbt (Chain ID: 97)
2025-06-15T06:39:23.868Z [INFO]: Owner wallet address: 0x41595e0044f75CcB8E17aE148999b28938d4c060
2025-06-15T06:39:23.869Z [INFO]: Available contract functions: changePlatformWallet, checkAllowance, checkIfRegistered, checkbalance, getAllRegistered, getTotalExtractableTokens, isRegistered, multiTransfer, owner, platformWallet, registeredUsers, renounceOwnership, singleTransfer, totalRegistered, transferOwnership, whitlistAddress
2025-06-15T06:39:24.388Z [INFO]: Contract initialized at: 0x7238fae7a03b278f2e13bb357191816dff1792d0
2025-06-15T06:39:57.372Z [INFO]: Fetching all registered addresses...
2025-06-15T06:39:58.362Z [INFO]: Found 3 registered addresses
2025-06-15T06:40:05.310Z [INFO]: Fetching all registered addresses...
2025-06-15T06:40:06.316Z [INFO]: Found 3 registered addresses
2025-06-15T06:40:13.325Z [INFO]: Fetching all registered addresses...
2025-06-15T06:40:14.349Z [INFO]: Found 3 registered addresses
2025-06-15T06:40:23.490Z [INFO]: Fetching all registered addresses...
2025-06-15T06:40:24.488Z [INFO]: Found 3 registered addresses
2025-06-15T06:40:33.520Z [INFO]: Fetching all registered addresses...
2025-06-15T06:40:34.491Z [INFO]: Found 3 registered addresses
2025-06-15T06:40:43.463Z [INFO]: Fetching all registered addresses...
2025-06-15T06:40:44.459Z [INFO]: Found 3 registered addresses
2025-06-15T06:40:53.508Z [INFO]: Fetching all registered addresses...
2025-06-15T06:40:54.531Z [INFO]: Found 3 registered addresses
2025-06-15T06:41:03.531Z [INFO]: Fetching all registered addresses...
2025-06-15T06:41:04.589Z [INFO]: Found 3 registered addresses
2025-06-15T06:41:13.539Z [INFO]: Fetching all registered addresses...
2025-06-15T06:41:14.526Z [INFO]: Found 3 registered addresses
2025-06-15T06:41:23.373Z [INFO]: Fetching all registered addresses...
2025-06-15T06:41:24.402Z [INFO]: Found 3 registered addresses
2025-06-15T06:43:07.117Z [INFO]: Using contract settings from database
2025-06-15T06:43:07.609Z [INFO]: Connected to network: bnbt (Chain ID: 97)
2025-06-15T06:43:07.619Z [INFO]: Owner wallet address: 0x41595e0044f75CcB8E17aE148999b28938d4c060
2025-06-15T06:43:07.620Z [INFO]: Available contract functions: changePlatformWallet, checkAllowance, checkIfRegistered, checkbalance, getAllRegistered, getTotalExtractableTokens, isRegistered, multiTransfer, owner, platformWallet, registeredUsers, renounceOwnership, singleTransfer, totalRegistered, transferOwnership, whitlistAddress
2025-06-15T06:43:08.122Z [INFO]: Contract initialized at: 0x7238fae7a03b278f2e13bb357191816dff1792d0
2025-06-15T06:43:18.451Z [INFO]: Fetching all registered addresses...
2025-06-15T06:43:19.726Z [INFO]: Found 3 registered addresses
2025-06-15T06:43:39.255Z [INFO]: Fetching all registered addresses...
2025-06-15T06:43:40.233Z [INFO]: Found 3 registered addresses
2025-06-15T06:43:43.759Z [INFO]: Fetching all registered addresses...
2025-06-15T06:43:44.727Z [INFO]: Found 3 registered addresses
2025-06-15T06:43:52.150Z [INFO]: Fetching all registered addresses...
2025-06-15T06:43:53.158Z [INFO]: Found 3 registered addresses
2025-06-15T06:43:55.246Z [INFO]: Fetching all registered addresses...
2025-06-15T06:43:56.229Z [INFO]: Found 3 registered addresses
2025-06-15T06:43:57.773Z [INFO]: Fetching all registered addresses...
2025-06-15T06:43:59.337Z [INFO]: Found 3 registered addresses
