2025-06-15T06:11:21.517Z [INFO]: Connecting to MongoDB...
2025-06-15T06:11:22.539Z [INFO]: Connected to MongoDB: mongodb+srv://automation:automation@cluster0.2rda9pb.mongodb.net/
2025-06-15T06:11:23.026Z [INFO]: Database indexes created successfully
2025-06-15T06:11:43.596Z [WARN]: MongoDB disconnected
2025-06-15T06:11:45.525Z [INFO]: Connecting to MongoDB...
2025-06-15T06:11:46.181Z [INFO]: Connected to MongoDB: mongodb+srv://automation:automation@cluster0.2rda9pb.mongodb.net/
2025-06-15T06:12:05.463Z [WARN]: MongoDB disconnected
2025-06-15T06:12:05.464Z [WARN]: MongoDB disconnected
2025-06-15T06:12:15.689Z [INFO]: MongoDB reconnected
2025-06-15T06:12:15.689Z [INFO]: MongoDB reconnected
2025-06-15T06:23:57.047Z [WARN]: MongoDB disconnected
2025-06-15T06:24:24.937Z [INFO]: Connecting to MongoDB...
2025-06-15T06:24:26.007Z [INFO]: Connected to MongoDB: mongodb+srv://automation:automation@cluster0.2rda9pb.mongodb.net/
2025-06-15T06:24:26.468Z [INFO]: Database indexes created successfully
2025-06-15T06:31:11.256Z [WARN]: MongoDB disconnected
2025-06-15T06:31:14.968Z [INFO]: Connecting to MongoDB...
2025-06-15T06:31:19.498Z [INFO]: Database not connected
2025-06-15T06:31:22.215Z [INFO]: Connecting to MongoDB...
2025-06-15T06:31:23.000Z [INFO]: Connected to MongoDB: mongodb+srv://automation:automation@cluster0.2rda9pb.mongodb.net/
2025-06-15T06:31:23.731Z [INFO]: Database indexes created successfully
2025-06-15T06:35:07.048Z [WARN]: MongoDB disconnected
2025-06-15T06:35:11.084Z [INFO]: Connecting to MongoDB...
2025-06-15T06:35:12.220Z [INFO]: Connected to MongoDB: mongodb+srv://automation:automation@cluster0.2rda9pb.mongodb.net/
2025-06-15T06:35:12.720Z [INFO]: Database indexes created successfully
2025-06-15T06:35:33.281Z [WARN]: MongoDB disconnected
2025-06-15T06:35:54.530Z [INFO]: Connecting to MongoDB...
2025-06-15T06:35:55.136Z [INFO]: Connected to MongoDB: mongodb+srv://automation:automation@cluster0.2rda9pb.mongodb.net/
2025-06-15T06:35:58.296Z [WARN]: MongoDB disconnected
2025-06-15T06:35:58.296Z [WARN]: MongoDB disconnected
2025-06-15T06:36:08.520Z [INFO]: MongoDB reconnected
2025-06-15T06:36:08.521Z [INFO]: MongoDB reconnected
2025-06-15T06:39:11.095Z [WARN]: MongoDB disconnected
2025-06-15T06:39:13.974Z [INFO]: Connecting to MongoDB...
2025-06-15T06:39:14.914Z [INFO]: Connected to MongoDB: mongodb+srv://automation:automation@cluster0.2rda9pb.mongodb.net/
2025-06-15T06:39:18.509Z [ERROR]: Error creating indexes: Socket connection establishment was cancelled after 3245
2025-06-15T06:39:21.457Z [INFO]: Connecting to MongoDB...
2025-06-15T06:39:22.228Z [INFO]: Connected to MongoDB: mongodb+srv://automation:automation@cluster0.2rda9pb.mongodb.net/
2025-06-15T06:39:23.041Z [INFO]: Database indexes created successfully
2025-06-15T06:44:04.898Z [WARN]: MongoDB disconnected
2025-06-15T06:44:07.468Z [INFO]: Connecting to MongoDB...
2025-06-15T06:44:13.334Z [INFO]: Database not connected
