2025-06-14T09:24:41.145Z [INFO]: Starting generation of 5000 wallets...
2025-06-14T09:24:41.147Z [INFO]: Generating batch 1/50 (100 wallets)
2025-06-14T09:24:43.318Z [INFO]: Progress saved: 100/5000 wallets generated
2025-06-14T09:24:43.319Z [INFO]: Generating batch 2/50 (100 wallets)
2025-06-14T09:24:45.453Z [INFO]: Generating batch 3/50 (100 wallets)
2025-06-14T09:24:47.449Z [INFO]: Generating batch 4/50 (100 wallets)
2025-06-14T09:24:49.550Z [INFO]: Generating batch 5/50 (100 wallets)
2025-06-14T09:24:52.315Z [INFO]: Generating batch 6/50 (100 wallets)
2025-06-14T09:24:54.998Z [INFO]: Generating batch 7/50 (100 wallets)
2025-06-14T09:24:57.204Z [INFO]: Generating batch 8/50 (100 wallets)
2025-06-14T09:24:59.549Z [INFO]: Generating batch 9/50 (100 wallets)
2025-06-14T09:25:01.857Z [INFO]: Generating batch 10/50 (100 wallets)
2025-06-14T09:25:04.467Z [INFO]: Generating batch 11/50 (100 wallets)
2025-06-14T09:25:06.614Z [INFO]: Progress saved: 1100/5000 wallets generated
2025-06-14T09:25:06.615Z [INFO]: Generating batch 12/50 (100 wallets)
2025-06-14T09:25:09.465Z [INFO]: Generating batch 13/50 (100 wallets)
2025-06-14T09:25:11.753Z [INFO]: Generating batch 14/50 (100 wallets)
2025-06-14T09:25:14.331Z [INFO]: Generating batch 15/50 (100 wallets)
2025-06-14T09:25:16.617Z [INFO]: Generating batch 16/50 (100 wallets)
2025-06-14T09:25:18.936Z [INFO]: Generating batch 17/50 (100 wallets)
2025-06-14T09:25:21.127Z [INFO]: Generating batch 18/50 (100 wallets)
2025-06-14T09:25:23.929Z [INFO]: Generating batch 19/50 (100 wallets)
2025-06-14T09:25:26.166Z [INFO]: Generating batch 20/50 (100 wallets)
2025-06-14T09:25:28.584Z [INFO]: Generating batch 21/50 (100 wallets)
2025-06-14T09:25:30.511Z [INFO]: Progress saved: 2100/5000 wallets generated
2025-06-14T09:25:30.512Z [INFO]: Generating batch 22/50 (100 wallets)
2025-06-14T09:25:32.445Z [INFO]: Generating batch 23/50 (100 wallets)
2025-06-14T09:25:34.467Z [INFO]: Generating batch 24/50 (100 wallets)
2025-06-14T09:25:36.536Z [INFO]: Generating batch 25/50 (100 wallets)
2025-06-14T09:25:38.799Z [INFO]: Generating batch 26/50 (100 wallets)
2025-06-14T09:25:40.693Z [INFO]: Generating batch 27/50 (100 wallets)
2025-06-14T09:25:42.491Z [INFO]: Generating batch 28/50 (100 wallets)
2025-06-14T09:25:44.317Z [INFO]: Generating batch 29/50 (100 wallets)
2025-06-14T09:25:46.100Z [INFO]: Generating batch 30/50 (100 wallets)
2025-06-14T09:25:47.958Z [INFO]: Generating batch 31/50 (100 wallets)
2025-06-14T09:25:49.741Z [INFO]: Progress saved: 3100/5000 wallets generated
2025-06-14T09:25:49.741Z [INFO]: Generating batch 32/50 (100 wallets)
2025-06-14T09:25:51.588Z [INFO]: Generating batch 33/50 (100 wallets)
2025-06-14T09:25:53.967Z [INFO]: Generating batch 34/50 (100 wallets)
2025-06-14T09:25:56.027Z [INFO]: Generating batch 35/50 (100 wallets)
2025-06-14T09:25:57.925Z [INFO]: Generating batch 36/50 (100 wallets)
2025-06-14T09:25:59.872Z [INFO]: Generating batch 37/50 (100 wallets)
2025-06-14T09:26:02.005Z [INFO]: Generating batch 38/50 (100 wallets)
2025-06-14T09:26:04.259Z [INFO]: Generating batch 39/50 (100 wallets)
2025-06-14T09:26:06.153Z [INFO]: Generating batch 40/50 (100 wallets)
2025-06-14T09:26:08.467Z [INFO]: Generating batch 41/50 (100 wallets)
2025-06-14T09:26:10.596Z [INFO]: Progress saved: 4100/5000 wallets generated
2025-06-14T09:26:10.596Z [INFO]: Generating batch 42/50 (100 wallets)
2025-06-14T09:26:12.598Z [INFO]: Generating batch 43/50 (100 wallets)
2025-06-14T09:26:14.449Z [INFO]: Generating batch 44/50 (100 wallets)
2025-06-14T09:26:16.287Z [INFO]: Generating batch 45/50 (100 wallets)
2025-06-14T09:26:18.119Z [INFO]: Generating batch 46/50 (100 wallets)
2025-06-14T09:26:19.920Z [INFO]: Generating batch 47/50 (100 wallets)
2025-06-14T09:26:21.926Z [INFO]: Generating batch 48/50 (100 wallets)
2025-06-14T09:26:24.228Z [INFO]: Generating batch 49/50 (100 wallets)
2025-06-14T09:26:26.249Z [INFO]: Generating batch 50/50 (100 wallets)
2025-06-14T09:26:28.200Z [INFO]: Progress saved: 5000/5000 wallets generated
2025-06-14T09:26:28.238Z [INFO]: Successfully generated 5000 wallets
2025-06-14T09:26:28.238Z [INFO]: Wallets saved to: data/wallets.json
2025-06-14T09:26:28.238Z [INFO]: Summary saved to: data/generation-summary.json
2025-06-14T09:31:10.337Z [INFO]: Starting generation of 5000 wallets...
2025-06-14T09:31:10.338Z [INFO]: Generating batch 1/50 (100 wallets)
2025-06-14T09:31:11.970Z [INFO]: Progress saved: 100/5000 wallets generated
2025-06-14T09:31:11.970Z [INFO]: Generating batch 2/50 (100 wallets)
2025-06-14T09:31:13.633Z [INFO]: Generating batch 3/50 (100 wallets)
2025-06-14T09:31:15.285Z [INFO]: Generating batch 4/50 (100 wallets)
2025-06-14T09:31:16.965Z [INFO]: Generating batch 5/50 (100 wallets)
2025-06-14T09:31:18.527Z [INFO]: Generating batch 6/50 (100 wallets)
2025-06-14T09:31:20.142Z [INFO]: Generating batch 7/50 (100 wallets)
2025-06-14T09:31:21.969Z [INFO]: Generating batch 8/50 (100 wallets)
2025-06-14T09:31:23.915Z [INFO]: Generating batch 9/50 (100 wallets)
2025-06-14T09:31:25.798Z [INFO]: Generating batch 10/50 (100 wallets)
2025-06-14T09:31:27.656Z [INFO]: Generating batch 11/50 (100 wallets)
